<?xml version="1.0" encoding="UTF-8"?>
<testsuite xmlns:xsi="http://www.w3.org/2001/XMLSchema-instance" xsi:noNamespaceSchemaLocation="https://maven.apache.org/surefire/maven-surefire-plugin/xsd/surefire-test-report.xsd" name="com.cpt202.group7.Group7ApplicationTests" time="0.215" tests="1" errors="1" skipped="0" failures="0">
  <properties>
    <property name="java.specification.version" value="19"/>
    <property name="sun.cpu.isalist" value="amd64"/>
    <property name="sun.jnu.encoding" value="GBK"/>
    <property name="java.class.path" value="D:\PROJECT\CPT202_PetShopGroomingAppointmentSystem\CPT202-WashDog\group7\target\test-classes;D:\PROJECT\CPT202_PetShopGroomingAppointmentSystem\CPT202-WashDog\group7\target\classes;D:\PROJECT\MavenRepository\maven_jar\org\springframework\boot\spring-boot-starter-thymeleaf\3.0.4\spring-boot-starter-thymeleaf-3.0.4.jar;D:\PROJECT\MavenRepository\maven_jar\org\springframework\boot\spring-boot-starter\3.0.5\spring-boot-starter-3.0.5.jar;D:\PROJECT\MavenRepository\maven_jar\org\springframework\boot\spring-boot\3.0.5\spring-boot-3.0.5.jar;D:\PROJECT\MavenRepository\maven_jar\org\springframework\boot\spring-boot-autoconfigure\3.0.5\spring-boot-autoconfigure-3.0.5.jar;D:\PROJECT\MavenRepository\maven_jar\org\springframework\boot\spring-boot-starter-logging\3.0.5\spring-boot-starter-logging-3.0.5.jar;D:\PROJECT\MavenRepository\maven_jar\ch\qos\logback\logback-classic\1.4.6\logback-classic-1.4.6.jar;D:\PROJECT\MavenRepository\maven_jar\ch\qos\logback\logback-core\1.4.6\logback-core-1.4.6.jar;D:\PROJECT\MavenRepository\maven_jar\org\apache\logging\log4j\log4j-to-slf4j\2.19.0\log4j-to-slf4j-2.19.0.jar;D:\PROJECT\MavenRepository\maven_jar\org\apache\logging\log4j\log4j-api\2.19.0\log4j-api-2.19.0.jar;D:\PROJECT\MavenRepository\maven_jar\org\slf4j\jul-to-slf4j\2.0.7\jul-to-slf4j-2.0.7.jar;D:\PROJECT\MavenRepository\maven_jar\jakarta\annotation\jakarta.annotation-api\2.1.1\jakarta.annotation-api-2.1.1.jar;D:\PROJECT\MavenRepository\maven_jar\org\yaml\snakeyaml\1.33\snakeyaml-1.33.jar;D:\PROJECT\MavenRepository\maven_jar\org\thymeleaf\thymeleaf-spring6\3.1.1.RELEASE\thymeleaf-spring6-3.1.1.RELEASE.jar;D:\PROJECT\MavenRepository\maven_jar\org\thymeleaf\thymeleaf\3.1.1.RELEASE\thymeleaf-3.1.1.RELEASE.jar;D:\PROJECT\MavenRepository\maven_jar\org\attoparser\attoparser\2.0.6.RELEASE\attoparser-2.0.6.RELEASE.jar;D:\PROJECT\MavenRepository\maven_jar\org\unbescape\unbescape\1.1.6.RELEASE\unbescape-1.1.6.RELEASE.jar;D:\PROJECT\MavenRepository\maven_jar\org\slf4j\slf4j-api\2.0.7\slf4j-api-2.0.7.jar;D:\PROJECT\MavenRepository\maven_jar\org\springframework\boot\spring-boot-starter-web\3.0.4\spring-boot-starter-web-3.0.4.jar;D:\PROJECT\MavenRepository\maven_jar\org\springframework\boot\spring-boot-starter-json\3.0.5\spring-boot-starter-json-3.0.5.jar;D:\PROJECT\MavenRepository\maven_jar\com\fasterxml\jackson\core\jackson-databind\2.14.2\jackson-databind-2.14.2.jar;D:\PROJECT\MavenRepository\maven_jar\com\fasterxml\jackson\core\jackson-annotations\2.14.2\jackson-annotations-2.14.2.jar;D:\PROJECT\MavenRepository\maven_jar\com\fasterxml\jackson\core\jackson-core\2.14.2\jackson-core-2.14.2.jar;D:\PROJECT\MavenRepository\maven_jar\com\fasterxml\jackson\datatype\jackson-datatype-jdk8\2.14.2\jackson-datatype-jdk8-2.14.2.jar;D:\PROJECT\MavenRepository\maven_jar\com\fasterxml\jackson\datatype\jackson-datatype-jsr310\2.14.2\jackson-datatype-jsr310-2.14.2.jar;D:\PROJECT\MavenRepository\maven_jar\com\fasterxml\jackson\module\jackson-module-parameter-names\2.14.2\jackson-module-parameter-names-2.14.2.jar;D:\PROJECT\MavenRepository\maven_jar\org\springframework\boot\spring-boot-starter-tomcat\3.0.5\spring-boot-starter-tomcat-3.0.5.jar;D:\PROJECT\MavenRepository\maven_jar\org\apache\tomcat\embed\tomcat-embed-core\10.1.7\tomcat-embed-core-10.1.7.jar;D:\PROJECT\MavenRepository\maven_jar\org\apache\tomcat\embed\tomcat-embed-el\10.1.7\tomcat-embed-el-10.1.7.jar;D:\PROJECT\MavenRepository\maven_jar\org\apache\tomcat\embed\tomcat-embed-websocket\10.1.7\tomcat-embed-websocket-10.1.7.jar;D:\PROJECT\MavenRepository\maven_jar\org\springframework\spring-web\6.0.7\spring-web-6.0.7.jar;D:\PROJECT\MavenRepository\maven_jar\org\springframework\spring-beans\6.0.7\spring-beans-6.0.7.jar;D:\PROJECT\MavenRepository\maven_jar\io\micrometer\micrometer-observation\1.10.5\micrometer-observation-1.10.5.jar;D:\PROJECT\MavenRepository\maven_jar\io\micrometer\micrometer-commons\1.10.5\micrometer-commons-1.10.5.jar;D:\PROJECT\MavenRepository\maven_jar\org\springframework\spring-webmvc\6.0.7\spring-webmvc-6.0.7.jar;D:\PROJECT\MavenRepository\maven_jar\org\springframework\spring-context\6.0.7\spring-context-6.0.7.jar;D:\PROJECT\MavenRepository\maven_jar\org\springframework\spring-expression\6.0.7\spring-expression-6.0.7.jar;D:\PROJECT\MavenRepository\maven_jar\org\mybatis\spring\boot\mybatis-spring-boot-starter\3.0.1\mybatis-spring-boot-starter-3.0.1.jar;D:\PROJECT\MavenRepository\maven_jar\org\springframework\boot\spring-boot-starter-jdbc\3.0.5\spring-boot-starter-jdbc-3.0.5.jar;D:\PROJECT\MavenRepository\maven_jar\com\zaxxer\HikariCP\5.0.1\HikariCP-5.0.1.jar;D:\PROJECT\MavenRepository\maven_jar\org\springframework\spring-jdbc\6.0.7\spring-jdbc-6.0.7.jar;D:\PROJECT\MavenRepository\maven_jar\org\mybatis\spring\boot\mybatis-spring-boot-autoconfigure\3.0.1\mybatis-spring-boot-autoconfigure-3.0.1.jar;D:\PROJECT\MavenRepository\maven_jar\org\mybatis\mybatis\3.5.11\mybatis-3.5.11.jar;D:\PROJECT\MavenRepository\maven_jar\org\mybatis\mybatis-spring\3.0.1\mybatis-spring-3.0.1.jar;D:\PROJECT\MavenRepository\maven_jar\org\springframework\boot\spring-boot-starter-data-jpa\3.0.4\spring-boot-starter-data-jpa-3.0.4.jar;D:\PROJECT\MavenRepository\maven_jar\org\springframework\boot\spring-boot-starter-aop\3.0.5\spring-boot-starter-aop-3.0.5.jar;D:\PROJECT\MavenRepository\maven_jar\org\aspectj\aspectjweaver\1.9.19\aspectjweaver-1.9.19.jar;D:\PROJECT\MavenRepository\maven_jar\org\hibernate\orm\hibernate-core\6.1.7.Final\hibernate-core-6.1.7.Final.jar;D:\PROJECT\MavenRepository\maven_jar\jakarta\persistence\jakarta.persistence-api\3.1.0\jakarta.persistence-api-3.1.0.jar;D:\PROJECT\MavenRepository\maven_jar\jakarta\transaction\jakarta.transaction-api\2.0.1\jakarta.transaction-api-2.0.1.jar;D:\PROJECT\MavenRepository\maven_jar\org\jboss\logging\jboss-logging\3.5.0.Final\jboss-logging-3.5.0.Final.jar;D:\PROJECT\MavenRepository\maven_jar\org\hibernate\common\hibernate-commons-annotations\6.0.6.Final\hibernate-commons-annotations-6.0.6.Final.jar;D:\PROJECT\MavenRepository\maven_jar\org\jboss\jandex\2.4.2.Final\jandex-2.4.2.Final.jar;D:\PROJECT\MavenRepository\maven_jar\com\fasterxml\classmate\1.5.1\classmate-1.5.1.jar;D:\PROJECT\MavenRepository\maven_jar\net\bytebuddy\byte-buddy\1.12.23\byte-buddy-1.12.23.jar;D:\PROJECT\MavenRepository\maven_jar\org\glassfish\jaxb\jaxb-runtime\4.0.2\jaxb-runtime-4.0.2.jar;D:\PROJECT\MavenRepository\maven_jar\org\glassfish\jaxb\jaxb-core\4.0.2\jaxb-core-4.0.2.jar;D:\PROJECT\MavenRepository\maven_jar\org\eclipse\angus\angus-activation\2.0.0\angus-activation-2.0.0.jar;D:\PROJECT\MavenRepository\maven_jar\org\glassfish\jaxb\txw2\4.0.2\txw2-4.0.2.jar;D:\PROJECT\MavenRepository\maven_jar\com\sun\istack\istack-commons-runtime\4.1.1\istack-commons-runtime-4.1.1.jar;D:\PROJECT\MavenRepository\maven_jar\jakarta\inject\jakarta.inject-api\2.0.0\jakarta.inject-api-2.0.0.jar;D:\PROJECT\MavenRepository\maven_jar\org\antlr\antlr4-runtime\4.10.1\antlr4-runtime-4.10.1.jar;D:\PROJECT\MavenRepository\maven_jar\org\springframework\data\spring-data-jpa\3.0.4\spring-data-jpa-3.0.4.jar;D:\PROJECT\MavenRepository\maven_jar\org\springframework\data\spring-data-commons\3.0.4\spring-data-commons-3.0.4.jar;D:\PROJECT\MavenRepository\maven_jar\org\springframework\spring-orm\6.0.7\spring-orm-6.0.7.jar;D:\PROJECT\MavenRepository\maven_jar\org\springframework\spring-tx\6.0.7\spring-tx-6.0.7.jar;D:\PROJECT\MavenRepository\maven_jar\org\springframework\spring-aspects\6.0.7\spring-aspects-6.0.7.jar;D:\PROJECT\MavenRepository\maven_jar\com\mysql\mysql-connector-j\8.0.32\mysql-connector-j-8.0.32.jar;D:\PROJECT\MavenRepository\maven_jar\org\projectlombok\lombok\1.18.26\lombok-1.18.26.jar;D:\PROJECT\MavenRepository\maven_jar\org\springframework\boot\spring-boot-starter-test\3.0.5\spring-boot-starter-test-3.0.5.jar;D:\PROJECT\MavenRepository\maven_jar\org\springframework\boot\spring-boot-test\3.0.5\spring-boot-test-3.0.5.jar;D:\PROJECT\MavenRepository\maven_jar\org\springframework\boot\spring-boot-test-autoconfigure\3.0.5\spring-boot-test-autoconfigure-3.0.5.jar;D:\PROJECT\MavenRepository\maven_jar\com\jayway\jsonpath\json-path\2.7.0\json-path-2.7.0.jar;D:\PROJECT\MavenRepository\maven_jar\net\minidev\json-smart\2.4.10\json-smart-2.4.10.jar;D:\PROJECT\MavenRepository\maven_jar\net\minidev\accessors-smart\2.4.9\accessors-smart-2.4.9.jar;D:\PROJECT\MavenRepository\maven_jar\org\ow2\asm\asm\9.3\asm-9.3.jar;D:\PROJECT\MavenRepository\maven_jar\jakarta\xml\bind\jakarta.xml.bind-api\4.0.0\jakarta.xml.bind-api-4.0.0.jar;D:\PROJECT\MavenRepository\maven_jar\jakarta\activation\jakarta.activation-api\2.1.1\jakarta.activation-api-2.1.1.jar;D:\PROJECT\MavenRepository\maven_jar\org\assertj\assertj-core\3.23.1\assertj-core-3.23.1.jar;D:\PROJECT\MavenRepository\maven_jar\org\hamcrest\hamcrest\2.2\hamcrest-2.2.jar;D:\PROJECT\MavenRepository\maven_jar\org\junit\jupiter\junit-jupiter\5.9.2\junit-jupiter-5.9.2.jar;D:\PROJECT\MavenRepository\maven_jar\org\junit\jupiter\junit-jupiter-api\5.9.2\junit-jupiter-api-5.9.2.jar;D:\PROJECT\MavenRepository\maven_jar\org\opentest4j\opentest4j\1.2.0\opentest4j-1.2.0.jar;D:\PROJECT\MavenRepository\maven_jar\org\junit\platform\junit-platform-commons\1.9.2\junit-platform-commons-1.9.2.jar;D:\PROJECT\MavenRepository\maven_jar\org\apiguardian\apiguardian-api\1.1.2\apiguardian-api-1.1.2.jar;D:\PROJECT\MavenRepository\maven_jar\org\junit\jupiter\junit-jupiter-params\5.9.2\junit-jupiter-params-5.9.2.jar;D:\PROJECT\MavenRepository\maven_jar\org\junit\jupiter\junit-jupiter-engine\5.9.2\junit-jupiter-engine-5.9.2.jar;D:\PROJECT\MavenRepository\maven_jar\org\junit\platform\junit-platform-engine\1.9.2\junit-platform-engine-1.9.2.jar;D:\PROJECT\MavenRepository\maven_jar\org\mockito\mockito-core\4.8.1\mockito-core-4.8.1.jar;D:\PROJECT\MavenRepository\maven_jar\net\bytebuddy\byte-buddy-agent\1.12.23\byte-buddy-agent-1.12.23.jar;D:\PROJECT\MavenRepository\maven_jar\org\objenesis\objenesis\3.2\objenesis-3.2.jar;D:\PROJECT\MavenRepository\maven_jar\org\mockito\mockito-junit-jupiter\4.8.1\mockito-junit-jupiter-4.8.1.jar;D:\PROJECT\MavenRepository\maven_jar\org\skyscreamer\jsonassert\1.5.1\jsonassert-1.5.1.jar;D:\PROJECT\MavenRepository\maven_jar\com\vaadin\external\google\android-json\0.0.20131108.vaadin1\android-json-0.0.20131108.vaadin1.jar;D:\PROJECT\MavenRepository\maven_jar\org\springframework\spring-core\6.0.7\spring-core-6.0.7.jar;D:\PROJECT\MavenRepository\maven_jar\org\springframework\spring-jcl\6.0.7\spring-jcl-6.0.7.jar;D:\PROJECT\MavenRepository\maven_jar\org\springframework\spring-test\6.0.7\spring-test-6.0.7.jar;D:\PROJECT\MavenRepository\maven_jar\org\xmlunit\xmlunit-core\2.9.1\xmlunit-core-2.9.1.jar;D:\PROJECT\MavenRepository\maven_jar\org\springframework\boot\spring-boot-starter-security\3.0.4\spring-boot-starter-security-3.0.4.jar;D:\PROJECT\MavenRepository\maven_jar\org\springframework\spring-aop\6.0.7\spring-aop-6.0.7.jar;D:\PROJECT\MavenRepository\maven_jar\org\springframework\security\spring-security-config\6.0.2\spring-security-config-6.0.2.jar;D:\PROJECT\MavenRepository\maven_jar\org\springframework\security\spring-security-core\6.0.2\spring-security-core-6.0.2.jar;D:\PROJECT\MavenRepository\maven_jar\org\springframework\security\spring-security-crypto\6.0.2\spring-security-crypto-6.0.2.jar;D:\PROJECT\MavenRepository\maven_jar\org\springframework\security\spring-security-web\6.0.2\spring-security-web-6.0.2.jar;"/>
    <property name="java.vm.vendor" value="Oracle Corporation"/>
    <property name="sun.arch.data.model" value="64"/>
    <property name="user.variant" value=""/>
    <property name="java.vendor.url" value="https://java.oracle.com/"/>
    <property name="user.timezone" value="Asia/Shanghai"/>
    <property name="os.name" value="Windows 10"/>
    <property name="java.vm.specification.version" value="19"/>
    <property name="sun.java.launcher" value="SUN_STANDARD"/>
    <property name="user.country" value="CN"/>
    <property name="sun.boot.library.path" value="D:\Program\Language Support\Java19\bin"/>
    <property name="sun.java.command" value="C:\Users\12701\AppData\Local\Temp\surefire16356869025726991955\surefirebooter16054996810877757742.jar C:\Users\12701\AppData\Local\Temp\surefire16356869025726991955 2023-04-06T22-47-59_585-jvmRun1 surefire3946512681242127468tmp surefire_010278676302480319964tmp"/>
    <property name="jdk.debug" value="release"/>
    <property name="surefire.test.class.path" value="D:\PROJECT\CPT202_PetShopGroomingAppointmentSystem\CPT202-WashDog\group7\target\test-classes;D:\PROJECT\CPT202_PetShopGroomingAppointmentSystem\CPT202-WashDog\group7\target\classes;D:\PROJECT\MavenRepository\maven_jar\org\springframework\boot\spring-boot-starter-thymeleaf\3.0.4\spring-boot-starter-thymeleaf-3.0.4.jar;D:\PROJECT\MavenRepository\maven_jar\org\springframework\boot\spring-boot-starter\3.0.5\spring-boot-starter-3.0.5.jar;D:\PROJECT\MavenRepository\maven_jar\org\springframework\boot\spring-boot\3.0.5\spring-boot-3.0.5.jar;D:\PROJECT\MavenRepository\maven_jar\org\springframework\boot\spring-boot-autoconfigure\3.0.5\spring-boot-autoconfigure-3.0.5.jar;D:\PROJECT\MavenRepository\maven_jar\org\springframework\boot\spring-boot-starter-logging\3.0.5\spring-boot-starter-logging-3.0.5.jar;D:\PROJECT\MavenRepository\maven_jar\ch\qos\logback\logback-classic\1.4.6\logback-classic-1.4.6.jar;D:\PROJECT\MavenRepository\maven_jar\ch\qos\logback\logback-core\1.4.6\logback-core-1.4.6.jar;D:\PROJECT\MavenRepository\maven_jar\org\apache\logging\log4j\log4j-to-slf4j\2.19.0\log4j-to-slf4j-2.19.0.jar;D:\PROJECT\MavenRepository\maven_jar\org\apache\logging\log4j\log4j-api\2.19.0\log4j-api-2.19.0.jar;D:\PROJECT\MavenRepository\maven_jar\org\slf4j\jul-to-slf4j\2.0.7\jul-to-slf4j-2.0.7.jar;D:\PROJECT\MavenRepository\maven_jar\jakarta\annotation\jakarta.annotation-api\2.1.1\jakarta.annotation-api-2.1.1.jar;D:\PROJECT\MavenRepository\maven_jar\org\yaml\snakeyaml\1.33\snakeyaml-1.33.jar;D:\PROJECT\MavenRepository\maven_jar\org\thymeleaf\thymeleaf-spring6\3.1.1.RELEASE\thymeleaf-spring6-3.1.1.RELEASE.jar;D:\PROJECT\MavenRepository\maven_jar\org\thymeleaf\thymeleaf\3.1.1.RELEASE\thymeleaf-3.1.1.RELEASE.jar;D:\PROJECT\MavenRepository\maven_jar\org\attoparser\attoparser\2.0.6.RELEASE\attoparser-2.0.6.RELEASE.jar;D:\PROJECT\MavenRepository\maven_jar\org\unbescape\unbescape\1.1.6.RELEASE\unbescape-1.1.6.RELEASE.jar;D:\PROJECT\MavenRepository\maven_jar\org\slf4j\slf4j-api\2.0.7\slf4j-api-2.0.7.jar;D:\PROJECT\MavenRepository\maven_jar\org\springframework\boot\spring-boot-starter-web\3.0.4\spring-boot-starter-web-3.0.4.jar;D:\PROJECT\MavenRepository\maven_jar\org\springframework\boot\spring-boot-starter-json\3.0.5\spring-boot-starter-json-3.0.5.jar;D:\PROJECT\MavenRepository\maven_jar\com\fasterxml\jackson\core\jackson-databind\2.14.2\jackson-databind-2.14.2.jar;D:\PROJECT\MavenRepository\maven_jar\com\fasterxml\jackson\core\jackson-annotations\2.14.2\jackson-annotations-2.14.2.jar;D:\PROJECT\MavenRepository\maven_jar\com\fasterxml\jackson\core\jackson-core\2.14.2\jackson-core-2.14.2.jar;D:\PROJECT\MavenRepository\maven_jar\com\fasterxml\jackson\datatype\jackson-datatype-jdk8\2.14.2\jackson-datatype-jdk8-2.14.2.jar;D:\PROJECT\MavenRepository\maven_jar\com\fasterxml\jackson\datatype\jackson-datatype-jsr310\2.14.2\jackson-datatype-jsr310-2.14.2.jar;D:\PROJECT\MavenRepository\maven_jar\com\fasterxml\jackson\module\jackson-module-parameter-names\2.14.2\jackson-module-parameter-names-2.14.2.jar;D:\PROJECT\MavenRepository\maven_jar\org\springframework\boot\spring-boot-starter-tomcat\3.0.5\spring-boot-starter-tomcat-3.0.5.jar;D:\PROJECT\MavenRepository\maven_jar\org\apache\tomcat\embed\tomcat-embed-core\10.1.7\tomcat-embed-core-10.1.7.jar;D:\PROJECT\MavenRepository\maven_jar\org\apache\tomcat\embed\tomcat-embed-el\10.1.7\tomcat-embed-el-10.1.7.jar;D:\PROJECT\MavenRepository\maven_jar\org\apache\tomcat\embed\tomcat-embed-websocket\10.1.7\tomcat-embed-websocket-10.1.7.jar;D:\PROJECT\MavenRepository\maven_jar\org\springframework\spring-web\6.0.7\spring-web-6.0.7.jar;D:\PROJECT\MavenRepository\maven_jar\org\springframework\spring-beans\6.0.7\spring-beans-6.0.7.jar;D:\PROJECT\MavenRepository\maven_jar\io\micrometer\micrometer-observation\1.10.5\micrometer-observation-1.10.5.jar;D:\PROJECT\MavenRepository\maven_jar\io\micrometer\micrometer-commons\1.10.5\micrometer-commons-1.10.5.jar;D:\PROJECT\MavenRepository\maven_jar\org\springframework\spring-webmvc\6.0.7\spring-webmvc-6.0.7.jar;D:\PROJECT\MavenRepository\maven_jar\org\springframework\spring-context\6.0.7\spring-context-6.0.7.jar;D:\PROJECT\MavenRepository\maven_jar\org\springframework\spring-expression\6.0.7\spring-expression-6.0.7.jar;D:\PROJECT\MavenRepository\maven_jar\org\mybatis\spring\boot\mybatis-spring-boot-starter\3.0.1\mybatis-spring-boot-starter-3.0.1.jar;D:\PROJECT\MavenRepository\maven_jar\org\springframework\boot\spring-boot-starter-jdbc\3.0.5\spring-boot-starter-jdbc-3.0.5.jar;D:\PROJECT\MavenRepository\maven_jar\com\zaxxer\HikariCP\5.0.1\HikariCP-5.0.1.jar;D:\PROJECT\MavenRepository\maven_jar\org\springframework\spring-jdbc\6.0.7\spring-jdbc-6.0.7.jar;D:\PROJECT\MavenRepository\maven_jar\org\mybatis\spring\boot\mybatis-spring-boot-autoconfigure\3.0.1\mybatis-spring-boot-autoconfigure-3.0.1.jar;D:\PROJECT\MavenRepository\maven_jar\org\mybatis\mybatis\3.5.11\mybatis-3.5.11.jar;D:\PROJECT\MavenRepository\maven_jar\org\mybatis\mybatis-spring\3.0.1\mybatis-spring-3.0.1.jar;D:\PROJECT\MavenRepository\maven_jar\org\springframework\boot\spring-boot-starter-data-jpa\3.0.4\spring-boot-starter-data-jpa-3.0.4.jar;D:\PROJECT\MavenRepository\maven_jar\org\springframework\boot\spring-boot-starter-aop\3.0.5\spring-boot-starter-aop-3.0.5.jar;D:\PROJECT\MavenRepository\maven_jar\org\aspectj\aspectjweaver\1.9.19\aspectjweaver-1.9.19.jar;D:\PROJECT\MavenRepository\maven_jar\org\hibernate\orm\hibernate-core\6.1.7.Final\hibernate-core-6.1.7.Final.jar;D:\PROJECT\MavenRepository\maven_jar\jakarta\persistence\jakarta.persistence-api\3.1.0\jakarta.persistence-api-3.1.0.jar;D:\PROJECT\MavenRepository\maven_jar\jakarta\transaction\jakarta.transaction-api\2.0.1\jakarta.transaction-api-2.0.1.jar;D:\PROJECT\MavenRepository\maven_jar\org\jboss\logging\jboss-logging\3.5.0.Final\jboss-logging-3.5.0.Final.jar;D:\PROJECT\MavenRepository\maven_jar\org\hibernate\common\hibernate-commons-annotations\6.0.6.Final\hibernate-commons-annotations-6.0.6.Final.jar;D:\PROJECT\MavenRepository\maven_jar\org\jboss\jandex\2.4.2.Final\jandex-2.4.2.Final.jar;D:\PROJECT\MavenRepository\maven_jar\com\fasterxml\classmate\1.5.1\classmate-1.5.1.jar;D:\PROJECT\MavenRepository\maven_jar\net\bytebuddy\byte-buddy\1.12.23\byte-buddy-1.12.23.jar;D:\PROJECT\MavenRepository\maven_jar\org\glassfish\jaxb\jaxb-runtime\4.0.2\jaxb-runtime-4.0.2.jar;D:\PROJECT\MavenRepository\maven_jar\org\glassfish\jaxb\jaxb-core\4.0.2\jaxb-core-4.0.2.jar;D:\PROJECT\MavenRepository\maven_jar\org\eclipse\angus\angus-activation\2.0.0\angus-activation-2.0.0.jar;D:\PROJECT\MavenRepository\maven_jar\org\glassfish\jaxb\txw2\4.0.2\txw2-4.0.2.jar;D:\PROJECT\MavenRepository\maven_jar\com\sun\istack\istack-commons-runtime\4.1.1\istack-commons-runtime-4.1.1.jar;D:\PROJECT\MavenRepository\maven_jar\jakarta\inject\jakarta.inject-api\2.0.0\jakarta.inject-api-2.0.0.jar;D:\PROJECT\MavenRepository\maven_jar\org\antlr\antlr4-runtime\4.10.1\antlr4-runtime-4.10.1.jar;D:\PROJECT\MavenRepository\maven_jar\org\springframework\data\spring-data-jpa\3.0.4\spring-data-jpa-3.0.4.jar;D:\PROJECT\MavenRepository\maven_jar\org\springframework\data\spring-data-commons\3.0.4\spring-data-commons-3.0.4.jar;D:\PROJECT\MavenRepository\maven_jar\org\springframework\spring-orm\6.0.7\spring-orm-6.0.7.jar;D:\PROJECT\MavenRepository\maven_jar\org\springframework\spring-tx\6.0.7\spring-tx-6.0.7.jar;D:\PROJECT\MavenRepository\maven_jar\org\springframework\spring-aspects\6.0.7\spring-aspects-6.0.7.jar;D:\PROJECT\MavenRepository\maven_jar\com\mysql\mysql-connector-j\8.0.32\mysql-connector-j-8.0.32.jar;D:\PROJECT\MavenRepository\maven_jar\org\projectlombok\lombok\1.18.26\lombok-1.18.26.jar;D:\PROJECT\MavenRepository\maven_jar\org\springframework\boot\spring-boot-starter-test\3.0.5\spring-boot-starter-test-3.0.5.jar;D:\PROJECT\MavenRepository\maven_jar\org\springframework\boot\spring-boot-test\3.0.5\spring-boot-test-3.0.5.jar;D:\PROJECT\MavenRepository\maven_jar\org\springframework\boot\spring-boot-test-autoconfigure\3.0.5\spring-boot-test-autoconfigure-3.0.5.jar;D:\PROJECT\MavenRepository\maven_jar\com\jayway\jsonpath\json-path\2.7.0\json-path-2.7.0.jar;D:\PROJECT\MavenRepository\maven_jar\net\minidev\json-smart\2.4.10\json-smart-2.4.10.jar;D:\PROJECT\MavenRepository\maven_jar\net\minidev\accessors-smart\2.4.9\accessors-smart-2.4.9.jar;D:\PROJECT\MavenRepository\maven_jar\org\ow2\asm\asm\9.3\asm-9.3.jar;D:\PROJECT\MavenRepository\maven_jar\jakarta\xml\bind\jakarta.xml.bind-api\4.0.0\jakarta.xml.bind-api-4.0.0.jar;D:\PROJECT\MavenRepository\maven_jar\jakarta\activation\jakarta.activation-api\2.1.1\jakarta.activation-api-2.1.1.jar;D:\PROJECT\MavenRepository\maven_jar\org\assertj\assertj-core\3.23.1\assertj-core-3.23.1.jar;D:\PROJECT\MavenRepository\maven_jar\org\hamcrest\hamcrest\2.2\hamcrest-2.2.jar;D:\PROJECT\MavenRepository\maven_jar\org\junit\jupiter\junit-jupiter\5.9.2\junit-jupiter-5.9.2.jar;D:\PROJECT\MavenRepository\maven_jar\org\junit\jupiter\junit-jupiter-api\5.9.2\junit-jupiter-api-5.9.2.jar;D:\PROJECT\MavenRepository\maven_jar\org\opentest4j\opentest4j\1.2.0\opentest4j-1.2.0.jar;D:\PROJECT\MavenRepository\maven_jar\org\junit\platform\junit-platform-commons\1.9.2\junit-platform-commons-1.9.2.jar;D:\PROJECT\MavenRepository\maven_jar\org\apiguardian\apiguardian-api\1.1.2\apiguardian-api-1.1.2.jar;D:\PROJECT\MavenRepository\maven_jar\org\junit\jupiter\junit-jupiter-params\5.9.2\junit-jupiter-params-5.9.2.jar;D:\PROJECT\MavenRepository\maven_jar\org\junit\jupiter\junit-jupiter-engine\5.9.2\junit-jupiter-engine-5.9.2.jar;D:\PROJECT\MavenRepository\maven_jar\org\junit\platform\junit-platform-engine\1.9.2\junit-platform-engine-1.9.2.jar;D:\PROJECT\MavenRepository\maven_jar\org\mockito\mockito-core\4.8.1\mockito-core-4.8.1.jar;D:\PROJECT\MavenRepository\maven_jar\net\bytebuddy\byte-buddy-agent\1.12.23\byte-buddy-agent-1.12.23.jar;D:\PROJECT\MavenRepository\maven_jar\org\objenesis\objenesis\3.2\objenesis-3.2.jar;D:\PROJECT\MavenRepository\maven_jar\org\mockito\mockito-junit-jupiter\4.8.1\mockito-junit-jupiter-4.8.1.jar;D:\PROJECT\MavenRepository\maven_jar\org\skyscreamer\jsonassert\1.5.1\jsonassert-1.5.1.jar;D:\PROJECT\MavenRepository\maven_jar\com\vaadin\external\google\android-json\0.0.20131108.vaadin1\android-json-0.0.20131108.vaadin1.jar;D:\PROJECT\MavenRepository\maven_jar\org\springframework\spring-core\6.0.7\spring-core-6.0.7.jar;D:\PROJECT\MavenRepository\maven_jar\org\springframework\spring-jcl\6.0.7\spring-jcl-6.0.7.jar;D:\PROJECT\MavenRepository\maven_jar\org\springframework\spring-test\6.0.7\spring-test-6.0.7.jar;D:\PROJECT\MavenRepository\maven_jar\org\xmlunit\xmlunit-core\2.9.1\xmlunit-core-2.9.1.jar;D:\PROJECT\MavenRepository\maven_jar\org\springframework\boot\spring-boot-starter-security\3.0.4\spring-boot-starter-security-3.0.4.jar;D:\PROJECT\MavenRepository\maven_jar\org\springframework\spring-aop\6.0.7\spring-aop-6.0.7.jar;D:\PROJECT\MavenRepository\maven_jar\org\springframework\security\spring-security-config\6.0.2\spring-security-config-6.0.2.jar;D:\PROJECT\MavenRepository\maven_jar\org\springframework\security\spring-security-core\6.0.2\spring-security-core-6.0.2.jar;D:\PROJECT\MavenRepository\maven_jar\org\springframework\security\spring-security-crypto\6.0.2\spring-security-crypto-6.0.2.jar;D:\PROJECT\MavenRepository\maven_jar\org\springframework\security\spring-security-web\6.0.2\spring-security-web-6.0.2.jar;"/>
    <property name="sun.cpu.endian" value="little"/>
    <property name="user.home" value="C:\Users\12701"/>
    <property name="user.language" value="zh"/>
    <property name="java.specification.vendor" value="Oracle Corporation"/>
    <property name="java.version.date" value="2023-01-17"/>
    <property name="java.home" value="D:\Program\Language Support\Java19"/>
    <property name="file.separator" value="\"/>
    <property name="basedir" value="D:\PROJECT\CPT202_PetShopGroomingAppointmentSystem\CPT202-WashDog\group7"/>
    <property name="java.vm.compressedOopsMode" value="Zero based"/>
    <property name="line.separator" value="&#10;"/>
    <property name="java.vm.specification.vendor" value="Oracle Corporation"/>
    <property name="java.specification.name" value="Java Platform API Specification"/>
    <property name="surefire.real.class.path" value="C:\Users\12701\AppData\Local\Temp\surefire16356869025726991955\surefirebooter16054996810877757742.jar"/>
    <property name="user.script" value=""/>
    <property name="sun.management.compiler" value="HotSpot 64-Bit Tiered Compilers"/>
    <property name="java.runtime.version" value="19.0.2+7-44"/>
    <property name="user.name" value="12701"/>
    <property name="stdout.encoding" value="GBK"/>
    <property name="path.separator" value=";"/>
    <property name="os.version" value="10.0"/>
    <property name="java.runtime.name" value="OpenJDK Runtime Environment"/>
    <property name="file.encoding" value="UTF-8"/>
    <property name="java.vm.name" value="OpenJDK 64-Bit Server VM"/>
    <property name="localRepository" value="D:\PROJECT\MavenRepository\maven_jar"/>
    <property name="java.vendor.url.bug" value="https://bugreport.java.com/bugreport/"/>
    <property name="java.io.tmpdir" value="C:\Users\12701\AppData\Local\Temp\"/>
    <property name="idea.version" value="2021.2.3"/>
    <property name="java.version" value="19.0.2"/>
    <property name="user.dir" value="D:\PROJECT\CPT202_PetShopGroomingAppointmentSystem\CPT202-WashDog\group7"/>
    <property name="os.arch" value="amd64"/>
    <property name="java.vm.specification.name" value="Java Virtual Machine Specification"/>
    <property name="sun.os.patch.level" value=""/>
    <property name="native.encoding" value="GBK"/>
    <property name="java.library.path" value="D:\Program\Language Support\Java19\bin;C:\WINDOWS\Sun\Java\bin;C:\WINDOWS\system32;C:\WINDOWS;D:\Oculus\Support\oculus-runtime;C:\Program Files\PlasticSCM5\server;C:\Program Files\PlasticSCM5\client;C:\Program Files\Microsoft\jdk-17.0.5.8-hotspot\bin;C:\Program Files\Microsoft\jdk-11.0.12.7-hotspot\bin;C:\Program Files\NVIDIA GPU Computing Toolkit\CUDA\v11.6\bin;C:\Program Files\NVIDIA GPU Computing Toolkit\CUDA\v11.6\libnvvp;C:\Program Files\Eclipse Foundation\jdk-8.0.302.8-hotspot\bin;C:\Program Files (x86)\Common Files\Oracle\Java\javapath;C:\windows\system32;C:\windows;C:\windows\System32\Wbem;C:\windows\System32\WindowsPowerShell\v1.0\;C:\windows\System32\OpenSSH\;C:\Program Files (x86)\NVIDIA Corporation\PhysX\Common;C:\WINDOWS\system32;C:\WINDOWS;C:\WINDOWS\System32\Wbem;C:\WINDOWS\System32\WindowsPowerShell\v1.0\;C:\WINDOWS\System32\OpenSSH\;D:\Program\Editors\texlive\2021\bin\win32;C:\Program Files\Microsoft SQL Server\Client SDK\ODBC\170\Tools\Binn\;C:\Program Files\NVIDIA Corporation\NVIDIA NvDLISR;D:\Program Files\IncrediBuild;C:\Program Files\dotnet\;C:\Program Files\Common Files\Autodesk Shared\;C:\Program Files\NVIDIA Corporation\Nsight Compute 2022.1.1\;C:\ProgramData\chocolatey\bin;C:\Program Files\Microsoft SQL Server\150\Tools\Binn\;C:\Program Files\zlib123dllx64\dll_x64;D:\Program\Git\cmd;D:\Program\Language Support\apache-maven-3.6.3-bin\apache-maven-3.6.3\bin;D:\Program\ANACONDA;D:\Program\ANACONDA\Library\mingw-w64\bin;D:\Program\ANACONDA\Library\usr\bin;D:\Program\ANACONDA\Library\bin;D:\Program\ANACONDA\Scripts;C:\Program Files\MySQL\MySQL Shell 8.0\bin\;C:\Users\12701\AppData\Local\Microsoft\WindowsApps;C:\Users\12701\.dotnet\tools;D:\Program\Editors\IntelliJ IDEA 2021.2.3\bin;D:\Program\Editors\PyCharm 2021.3.2\bin;D:\Program\Editors\CLion 2021.3.3\bin;D:\Program\Editors\PrinceXML\engine\bin;D:\Program\Editors\Microsoft VS Code\bin;D:\Program\Editors\texlive\2022\bin\win32;C:\Users\12701\AppData\Local\GitHubDesktop\bin;."/>
    <property name="java.vm.info" value="mixed mode, sharing"/>
    <property name="stderr.encoding" value="GBK"/>
    <property name="java.vendor" value="Oracle Corporation"/>
    <property name="java.vm.version" value="19.0.2+7-44"/>
    <property name="sun.io.unicode.encoding" value="UnicodeLittle"/>
    <property name="java.class.version" value="63.0"/>
  </properties>
  <testcase name="com.cpt202.group7.Group7ApplicationTests" classname="com.cpt202.group7.Group7ApplicationTests" time="0.214">
    <error message="Unable to find a @SpringBootConfiguration, you need to use @ContextConfiguration or @SpringBootTest(classes=...) with your test" type="java.lang.IllegalStateException">java.lang.IllegalStateException: Unable to find a @SpringBootConfiguration, you need to use @ContextConfiguration or @SpringBootTest(classes=...) with your test
</error>
    <system-out><![CDATA[22:48:00.312 [main] DEBUG org.springframework.boot.test.context.SpringBootTestContextBootstrapper -- Neither @ContextConfiguration nor @ContextHierarchy found for test class [Group7ApplicationTests]: using SpringBootContextLoader
22:48:00.315 [main] DEBUG org.springframework.test.context.support.AbstractContextLoader -- Could not detect default resource locations for test class [com.cpt202.group7.Group7ApplicationTests]: no resource found for suffixes {-context.xml, Context.groovy}.
22:48:00.316 [main] INFO org.springframework.test.context.support.AnnotationConfigContextLoaderUtils -- Could not detect default configuration classes for test class [com.cpt202.group7.Group7ApplicationTests]: Group7ApplicationTests does not declare any static, non-private, non-final, nested classes annotated with @Configuration.
22:48:00.340 [main] DEBUG org.springframework.boot.test.context.SpringBootTestContextBootstrapper -- Using ContextCustomizers for test class [Group7ApplicationTests]: [ExcludeFilterContextCustomizer, DuplicateJsonObjectContextCustomizer, MockitoContextCustomizer, TestRestTemplateContextCustomizer, DisableObservabilityContextCustomizer, PropertyMappingContextCustomizer, Customizer]
]]></system-out>
  </testcase>
</testsuite>